<?xml version="1.0" encoding="UTF-8"?>
<testsuite xmlns:xsi="http://www.w3.org/2001/XMLSchema-instance" xsi:noNamespaceSchemaLocation="https://maven.apache.org/surefire/maven-surefire-plugin/xsd/surefire-test-report.xsd" name="com.chilliwebs.Sandbox_Test_Pipline.SimpleFWUpdateTest" time="540.788" tests="1" errors="0" skipped="0" failures="0">
  <properties>
[...]
</properties>
  <testcase name="simpleFWUpdate" classname="com.chilliwebs.Sandbox_Test_Pipline.SimpleFWUpdateTest" time="540.766"/>
</testsuite>